# JRE version: OpenJDK Runtime Environment (8.0_242-b01) (build 1.8.0_242-release-1644-b01)
# Java VM: OpenJDK 64-Bit Server VM (25.242-b01 mixed mode windows-amd64 compressed oops)
Heap:
 PSYoungGen      total 165888K, used 29384K [0x00000000db000000, 0x00000000e8b80000, 0x0000000100000000)
  eden space 127488K, 9% used [0x00000000db000000,0x00000000dbc4f118,0x00000000e2c80000)
  from space 38400K, 43% used [0x00000000e2c80000,0x00000000e3ce3070,0x00000000e5200000)
  to   space 36864K, 0% used [0x00000000e6780000,0x00000000e6780000,0x00000000e8b80000)
 ParOldGen       total 117760K, used 67879K [0x0000000091000000, 0x0000000098300000, 0x00000000db000000)
  object space 117760K, 57% used [0x0000000091000000,0x0000000095249d60,0x0000000098300000)
 Metaspace       used 68968K, capacity 70510K, committed 70744K, reserved 1112064K
  class space    used 7834K, capacity 8205K, committed 8320K, reserved 1048576K
GC Heap History (10 events):
Event: 9.328 GC heap before
{Heap before GC invocations=10 (full 2):
 PSYoungGen      total 101376K, used 98975K [0x00000000db000000, 0x00000000e4600000, 0x0000000100000000)
  eden space 82432K, 100% used [0x00000000db000000,0x00000000e0080000,0x00000000e0080000)
  from space 18944K, 87% used [0x00000000e0080000,0x00000000e10a7ce0,0x00000000e1300000)
  to   space 19968K, 0% used [0x00000000e3280000,0x00000000e3280000,0x00000000e4600000)
 ParOldGen       total 117760K, used 35787K [0x0000000091000000, 0x0000000098300000, 0x00000000db000000)
  object space 117760K, 30% used [0x0000000091000000,0x00000000932f2f58,0x0000000098300000)
 Metaspace       used 50102K, capacity 51052K, committed 51416K, reserved 1093632K
  class space    used 6014K, capacity 6298K, committed 6400K, reserved 1048576K
Event: 9.361 GC heap after
Heap after GC invocations=10 (full 2):
 PSYoungGen      total 128512K, used 19944K [0x00000000db000000, 0x00000000e4f00000, 0x0000000100000000)
  eden space 108544K, 0% used [0x00000000db000000,0x00000000db000000,0x00000000e1a00000)
  from space 19968K, 99% used [0x00000000e3280000,0x00000000e45fa3c0,0x00000000e4600000)
  to   space 25088K, 0% used [0x00000000e1a00000,0x00000000e1a00000,0x00000000e3280000)
 ParOldGen       total 117760K, used 42114K [0x0000000091000000, 0x0000000098300000, 0x00000000db000000)
  object space 117760K, 35% used [0x0000000091000000,0x0000000093920ac0,0x0000000098300000)
 Metaspace       used 50102K, capacity 51052K, committed 51416K, reserved 1093632K
  class space    used 6014K, capacity 6298K, committed 6400K, reserved 1048576K
}
Event: 13.664 GC heap before
{Heap before GC invocations=11 (full 2):
 PSYoungGen      total 128512K, used 128488K [0x00000000db000000, 0x00000000e4f00000, 0x0000000100000000)
  eden space 108544K, 100% used [0x00000000db000000,0x00000000e1a00000,0x00000000e1a00000)
  from space 19968K, 99% used [0x00000000e3280000,0x00000000e45fa3c0,0x00000000e4600000)
  to   space 25088K, 0% used [0x00000000e1a00000,0x00000000e1a00000,0x00000000e3280000)
 ParOldGen       total 117760K, used 42114K [0x0000000091000000, 0x0000000098300000, 0x00000000db000000)
  object space 117760K, 35% used [0x0000000091000000,0x0000000093920ac0,0x0000000098300000)
 Metaspace       used 56621K, capacity 57854K, committed 57944K, reserved 1099776K
  class space    used 6669K, capacity 6969K, committed 7040K, reserved 1048576K
Event: 13.706 GC heap after
Heap after GC invocations=11 (full 2):
 PSYoungGen      total 133632K, used 25071K [0x00000000db000000, 0x00000000e7400000, 0x0000000100000000)
  eden space 108544K, 0% used [0x00000000db000000,0x00000000db000000,0x00000000e1a00000)
  from space 25088K, 99% used [0x00000000e1a00000,0x00000000e327bfb0,0x00000000e3280000)
  to   space 34816K, 0% used [0x00000000e5200000,0x00000000e5200000,0x00000000e7400000)
 ParOldGen       total 117760K, used 57356K [0x0000000091000000, 0x0000000098300000, 0x00000000db000000)
  object space 117760K, 48% used [0x0000000091000000,0x00000000948032c0,0x0000000098300000)
 Metaspace       used 56621K, capacity 57854K, committed 57944K, reserved 1099776K
  class space    used 6669K, capacity 6969K, committed 7040K, reserved 1048576K
}
Event: 15.562 GC heap before
{Heap before GC invocations=12 (full 2):
 PSYoungGen      total 133632K, used 61793K [0x00000000db000000, 0x00000000e7400000, 0x0000000100000000)
  eden space 108544K, 33% used [0x00000000db000000,0x00000000dd3dc660,0x00000000e1a00000)
  from space 25088K, 99% used [0x00000000e1a00000,0x00000000e327bfb0,0x00000000e3280000)
  to   space 34816K, 0% used [0x00000000e5200000,0x00000000e5200000,0x00000000e7400000)
 ParOldGen       total 117760K, used 57356K [0x0000000091000000, 0x0000000098300000, 0x00000000db000000)
  object space 117760K, 48% used [0x0000000091000000,0x00000000948032c0,0x0000000098300000)
 Metaspace       used 57706K, capacity 58904K, committed 58968K, reserved 1101824K
  class space    used 6686K, capacity 7008K, committed 7040K, reserved 1048576K
Event: 15.593 GC heap after
Heap after GC invocations=12 (full 2):
 PSYoungGen      total 162304K, used 31580K [0x00000000db000000, 0x00000000e7c00000, 0x0000000100000000)
  eden space 127488K, 0% used [0x00000000db000000,0x00000000db000000,0x00000000e2c80000)
  from space 34816K, 90% used [0x00000000e5200000,0x00000000e70d7050,0x00000000e7400000)
  to   space 38400K, 0% used [0x00000000e2c80000,0x00000000e2c80000,0x00000000e5200000)
 ParOldGen       total 117760K, used 57364K [0x0000000091000000, 0x0000000098300000, 0x00000000db000000)
  object space 117760K, 48% used [0x0000000091000000,0x00000000948052c0,0x0000000098300000)
 Metaspace       used 57706K, capacity 58904K, committed 58968K, reserved 1101824K
  class space    used 6686K, capacity 7008K, committed 7040K, reserved 1048576K
}
Event: 15.593 GC heap before
{Heap before GC invocations=13 (full 3):
 PSYoungGen      total 162304K, used 31580K [0x00000000db000000, 0x00000000e7c00000, 0x0000000100000000)
  eden space 127488K, 0% used [0x00000000db000000,0x00000000db000000,0x00000000e2c80000)
  from space 34816K, 90% used [0x00000000e5200000,0x00000000e70d7050,0x00000000e7400000)
  to   space 38400K, 0% used [0x00000000e2c80000,0x00000000e2c80000,0x00000000e5200000)
 ParOldGen       total 117760K, used 57364K [0x0000000091000000, 0x0000000098300000, 0x00000000db000000)
  object space 117760K, 48% used [0x0000000091000000,0x00000000948052c0,0x0000000098300000)
 Metaspace       used 57706K, capacity 58904K, committed 58968K, reserved 1101824K
  class space    used 6686K, capacity 7008K, committed 7040K, reserved 1048576K
Event: 15.892 GC heap after
Heap after GC invocations=13 (full 3):
 PSYoungGen      total 162304K, used 0K [0x00000000db000000, 0x00000000e7c00000, 0x0000000100000000)
  eden space 127488K, 0% used [0x00000000db000000,0x00000000db000000,0x00000000e2c80000)
  from space 34816K, 0% used [0x00000000e5200000,0x00000000e5200000,0x00000000e7400000)
  to   space 38400K, 0% used [0x00000000e2c80000,0x00000000e2c80000,0x00000000e5200000)
 ParOldGen       total 117760K, used 67871K [0x0000000091000000, 0x0000000098300000, 0x00000000db000000)
  object space 117760K, 57% used [0x0000000091000000,0x0000000095247d60,0x0000000098300000)
 Metaspace       used 57706K, capacity 58904K, committed 58968K, reserved 1101824K
  class space    used 6686K, capacity 7008K, committed 7040K, reserved 1048576K
}
Event: 19.553 GC heap before
{Heap before GC invocations=14 (full 3):
 PSYoungGen      total 162304K, used 127488K [0x00000000db000000, 0x00000000e7c00000, 0x0000000100000000)
  eden space 127488K, 100% used [0x00000000db000000,0x00000000e2c80000,0x00000000e2c80000)
  from space 34816K, 0% used [0x00000000e5200000,0x00000000e5200000,0x00000000e7400000)
  to   space 38400K, 0% used [0x00000000e2c80000,0x00000000e2c80000,0x00000000e5200000)
 ParOldGen       total 117760K, used 67871K [0x0000000091000000, 0x0000000098300000, 0x00000000db000000)
  object space 117760K, 57% used [0x0000000091000000,0x0000000095247d60,0x0000000098300000)
 Metaspace       used 68505K, capacity 69966K, committed 70104K, reserved 1112064K
  class space    used 7798K, capacity 8173K, committed 8192K, reserved 1048576K
Event: 19.567 GC heap after
Heap after GC invocations=14 (full 3):
 PSYoungGen      total 165888K, used 16780K [0x00000000db000000, 0x00000000e8b80000, 0x0000000100000000)
  eden space 127488K, 0% used [0x00000000db000000,0x00000000db000000,0x00000000e2c80000)
  from space 38400K, 43% used [0x00000000e2c80000,0x00000000e3ce3070,0x00000000e5200000)
  to   space 36864K, 0% used [0x00000000e6780000,0x00000000e6780000,0x00000000e8b80000)
 ParOldGen       total 117760K, used 67879K [0x0000000091000000, 0x0000000098300000, 0x00000000db000000)
  object space 117760K, 57% used [0x0000000091000000,0x0000000095249d60,0x0000000098300000)
 Metaspace       used 68505K, capacity 69966K, committed 70104K, reserved 1112064K
  class space    used 7798K, capacity 8173K, committed 8192K, reserved 1048576K
}

